\BOOKMARK [1][-]{section.1}{Introduction}{}% 1
\BOOKMARK [2][-]{subsection.1.1}{Objectives}{section.1}% 2
\BOOKMARK [3][-]{subsubsection.1.1.1}{Goals and Benefits}{subsection.1.1}% 3
\BOOKMARK [3][-]{subsubsection.1.1.2}{Functions and Features}{subsection.1.1}% 4
\BOOKMARK [2][-]{subsection.1.2}{System Level Requirements}{section.1}% 5
\BOOKMARK [1][-]{section.2}{Design}{}% 6
\BOOKMARK [2][-]{subsection.2.1}{Design Procedure}{section.2}% 7
\BOOKMARK [3][-]{subsubsection.2.1.1}{Friendly Interrogator}{subsection.2.1}% 8
\BOOKMARK [3][-]{subsubsection.2.1.2}{Friendly Target}{subsection.2.1}% 9
\BOOKMARK [3][-]{subsubsection.2.1.3}{System}{subsection.2.1}% 10
\BOOKMARK [2][-]{subsection.2.2}{Design Details}{section.2}% 11
\BOOKMARK [3][-]{subsubsection.2.2.1}{Friendly Interrogator}{subsection.2.2}% 12
\BOOKMARK [3][-]{subsubsection.2.2.2}{Friendly Target}{subsection.2.2}% 13
\BOOKMARK [3][-]{subsubsection.2.2.3}{System}{subsection.2.2}% 14
\BOOKMARK [1][-]{section.3}{Verification}{}% 15
\BOOKMARK [2][-]{subsection.3.1}{Counting Packets}{section.3}% 16
\BOOKMARK [1][-]{section.4}{Costs}{}% 17
\BOOKMARK [1][-]{section.5}{Conclusion}{}% 18
\BOOKMARK [1][-]{section.6}{References}{}% 19
\BOOKMARK [1][-]{section.6}{Reference}{}% 20
