
**** Build of configuration Debug for project Friendly_Interrogator ****

"C:\\ti\\ccsv6\\utils\\bin\\gmake" -k all 
'Building file: ../interrogator_main.c'
'Invoking: MSP432 Compiler'
"C:/ti/ccsv6/tools/compiler/ti-cgt-arm_5.2.7/bin/armcl" -mv7M4 --code_state=16 --float_support=FPv4SPD16 --abi=eabi -me --include_path="C:/ti/ccsv6/ccs_base/arm/include" --include_path="C:/ti/ccsv6/ccs_base/arm/include/CMSIS" --include_path="C:/ti/ccsv6/tools/compiler/ti-cgt-arm_5.2.7/include" --advice:power=all -g --gcc --define=__MSP432P401R__ --define=TARGET_IS_MSP432P4XX --define=ccs --diag_wrap=off --display_error_number --diag_warning=225 --preproc_with_compile --preproc_dependency="interrogator_main.pp"  "../interrogator_main.c"
"../interrogator_main.c", line 190: warning #129-D: loop is not reachable
"../interrogator_main.c", line 137: remark #2623-D: (ULP 5.4) Detected an assignment to a type with size less than int. To avoid unnecessary sign extension, use int-sized types for local varaibles and convert to smaller types for static storage.
"../interrogator_main.c", line 142: remark #2623-D: (ULP 5.4) Detected an assignment to a type with size less than int. To avoid unnecessary sign extension, use int-sized types for local varaibles and convert to smaller types for static storage.
"../interrogator_main.c", line 176: remark #1527-D: (ULP 2.1) Detected SW delay loop using empty loop. Recommend using a timer module instead
"../interrogator_main.c", line 201: remark #1527-D: (ULP 2.1) Detected SW delay loop using empty loop. Recommend using a timer module instead
"../interrogator_main.c", line 213: remark #1527-D: (ULP 2.1) Detected SW delay loop using empty loop. Recommend using a timer module instead
'Finished building: ../interrogator_main.c'
' '
'Building target: Friendly_Interrogator.out'
'Invoking: MSP432 Linker'
"C:/ti/ccsv6/tools/compiler/ti-cgt-arm_5.2.7/bin/armcl" -mv7M4 --code_state=16 --float_support=FPv4SPD16 --abi=eabi -me --advice:power=all -g --gcc --define=__MSP432P401R__ --define=TARGET_IS_MSP432P4XX --define=ccs --diag_wrap=off --display_error_number --diag_warning=225 -z -m"Friendly_Interrogator.map" --heap_size=1024 --stack_size=512 -i"C:/ti/ccsv6/ccs_base/arm/include" -i"C:/ti/ccsv6/tools/compiler/ti-cgt-arm_5.2.7/lib" -i"C:/ti/ccsv6/tools/compiler/ti-cgt-arm_5.2.7/include" --reread_libs --display_error_number --diag_wrap=off --warn_sections --xml_link_info="Friendly_Interrogator_linkInfo.xml" --rom_model -o "Friendly_Interrogator.out" "./interrogator_main.obj" "./startup_msp432p401r_ccs.obj" "./system_msp432p401r.obj" "../msp432p401r.cmd"  -l"libc.a" 
<Linking>
remark #10371-D: (ULP 1.1) Detected no uses of low power mode state changing instructions
remark #10372-D: (ULP 4.1) Detected uninitialized Port 1 in this project. Recommend initializing all unused ports to eliminate wasted current consumption on unused pins.
remark #10372-D: (ULP 4.1) Detected uninitialized Port 2 in this project. Recommend initializing all unused ports to eliminate wasted current consumption on unused pins.
remark #10372-D: (ULP 4.1) Detected uninitialized Port 4 in this project. Recommend initializing all unused ports to eliminate wasted current consumption on unused pins.
remark #10372-D: (ULP 4.1) Detected uninitialized Port 5 in this project. Recommend initializing all unused ports to eliminate wasted current consumption on unused pins.
remark #10372-D: (ULP 4.1) Detected uninitialized Port 6 in this project. Recommend initializing all unused ports to eliminate wasted current consumption on unused pins.
remark #10372-D: (ULP 4.1) Detected uninitialized Port 7 in this project. Recommend initializing all unused ports to eliminate wasted current consumption on unused pins.
remark #10372-D: (ULP 4.1) Detected uninitialized Port 8 in this project. Recommend initializing all unused ports to eliminate wasted current consumption on unused pins.
remark #10372-D: (ULP 4.1) Detected uninitialized Port 9 in this project. Recommend initializing all unused ports to eliminate wasted current consumption on unused pins.
remark #10372-D: (ULP 4.1) Detected uninitialized Port 10 in this project. Recommend initializing all unused ports to eliminate wasted current consumption on unused pins.
'Finished building target: Friendly_Interrogator.out'
' '

**** Build Finished ****
