\BOOKMARK [1][-]{section.1}{Introduction}{}% 1
\BOOKMARK [2][-]{subsection.1.1}{Statement of Purpose}{section.1}% 2
\BOOKMARK [2][-]{subsection.1.2}{Objectives}{section.1}% 3
\BOOKMARK [3][-]{subsubsection.1.2.1}{Goals and Benefits}{subsection.1.2}% 4
\BOOKMARK [3][-]{subsubsection.1.2.2}{Functions and Features}{subsection.1.2}% 5
\BOOKMARK [1][-]{section.2}{Design}{}% 6
\BOOKMARK [2][-]{subsection.2.1}{Block Diagrams and Descriptions}{section.2}% 7
\BOOKMARK [3][-]{subsubsection.2.1.1}{System Overview}{subsection.2.1}% 8
\BOOKMARK [3][-]{subsubsection.2.1.2}{Friendly Interrogator Unit}{subsection.2.1}% 9
\BOOKMARK [3][-]{subsubsection.2.1.3}{Friendly Target Unit}{subsection.2.1}% 10
\BOOKMARK [2][-]{subsection.2.2}{Circuit Schematics}{section.2}% 11
\BOOKMARK [3][-]{subsubsection.2.2.1}{Friendly Interrogator Unit}{subsection.2.2}% 12
\BOOKMARK [3][-]{subsubsection.2.2.2}{Friendly Target Unit}{subsection.2.2}% 13
\BOOKMARK [2][-]{subsection.2.3}{Functionality}{section.2}% 14
\BOOKMARK [2][-]{subsection.2.4}{Software Flowcharts / Functionality}{section.2}% 15
\BOOKMARK [3][-]{subsubsection.2.4.1}{System Flow}{subsection.2.4}% 16
\BOOKMARK [3][-]{subsubsection.2.4.2}{Friendly Interrogator Software Flow}{subsection.2.4}% 17
\BOOKMARK [2][-]{subsection.2.5}{Numerical Analysis and Simulations/Plots}{section.2}% 18
\BOOKMARK [3][-]{subsubsection.2.5.1}{Calculations}{subsection.2.5}% 19
\BOOKMARK [3][-]{subsubsection.2.5.2}{Simulations/Plots}{subsection.2.5}% 20
\BOOKMARK [1][-]{section.3}{Requirements and Verification}{}% 21
\BOOKMARK [2][-]{subsection.3.1}{Tolerance Analysis}{section.3}% 22
\BOOKMARK [2][-]{subsection.3.2}{Safety}{section.3}% 23
\BOOKMARK [2][-]{subsection.3.3}{Ethical Issues}{section.3}% 24
\BOOKMARK [1][-]{section.4}{Cost and Schedule}{}% 25
\BOOKMARK [2][-]{subsection.4.1}{Cost Analysis}{section.4}% 26
\BOOKMARK [2][-]{subsection.4.2}{Schedule}{section.4}% 27
\BOOKMARK [1][-]{subsection.4.2}{Reference}{}% 28
